# JRE version: OpenJDK Runtime Environment (8.0_362-b08) (build 1.8.0_362-b08)
# Java VM: OpenJDK 64-Bit Server VM (25.362-b08 mixed mode windows-amd64 compressed oops)
Heap:
 PSYoungGen      total 509440K, used 401998K [0x00000000d5580000, 0x00000000f5380000, 0x0000000100000000)
  eden space 497664K, 78% used [0x00000000d5580000,0x00000000ed294c58,0x00000000f3b80000)
  from space 11776K, 99% used [0x00000000f3c80000,0x00000000f47fecc0,0x00000000f4800000)
  to   space 7168K, 0% used [0x00000000f4c80000,0x00000000f4c80000,0x00000000f5380000)
 ParOldGen       total 80384K, used 60951K [0x0000000080000000, 0x0000000084e80000, 0x00000000d5580000)
  object space 80384K, 75% used [0x0000000080000000,0x0000000083b85c58,0x0000000084e80000)
 Metaspace       used 43310K, capacity 45306K, committed 45440K, reserved 1089536K
  class space    used 5891K, capacity 6270K, committed 6272K, reserved 1048576K
GC Heap History (10 events):
Event: 57.328 GC heap before
{Heap before GC invocations=32 (full 3):
 PSYoungGen      total 504832K, used 504800K [0x00000000d5580000, 0x00000000f5380000, 0x0000000100000000)
  eden space 497664K, 100% used [0x00000000d5580000,0x00000000f3b80000,0x00000000f3b80000)
  from space 7168K, 99% used [0x00000000f4c80000,0x00000000f5378020,0x00000000f5380000)
  to   space 11776K, 0% used [0x00000000f3c80000,0x00000000f3c80000,0x00000000f4800000)
 ParOldGen       total 80384K, used 33335K [0x0000000080000000, 0x0000000084e80000, 0x00000000d5580000)
  object space 80384K, 41% used [0x0000000080000000,0x000000008208dc28,0x0000000084e80000)
 Metaspace       used 37590K, capacity 39068K, committed 39296K, reserved 1083392K
  class space    used 5151K, capacity 5479K, committed 5504K, reserved 1048576K
Event: 57.389 GC heap after
Heap after GC invocations=32 (full 3):
 PSYoungGen      total 509440K, used 7168K [0x00000000d5580000, 0x00000000f5380000, 0x0000000100000000)
  eden space 497664K, 0% used [0x00000000d5580000,0x00000000d5580000,0x00000000f3b80000)
  from space 11776K, 60% used [0x00000000f3c80000,0x00000000f4380010,0x00000000f4800000)
  to   space 7168K, 0% used [0x00000000f4c80000,0x00000000f4c80000,0x00000000f5380000)
 ParOldGen       total 80384K, used 38143K [0x0000000080000000, 0x0000000084e80000, 0x00000000d5580000)
  object space 80384K, 47% used [0x0000000080000000,0x000000008253fc38,0x0000000084e80000)
 Metaspace       used 37590K, capacity 39068K, committed 39296K, reserved 1083392K
  class space    used 5151K, capacity 5479K, committed 5504K, reserved 1048576K
}
Event: 59.355 GC heap before
{Heap before GC invocations=33 (full 3):
 PSYoungGen      total 509440K, used 504832K [0x00000000d5580000, 0x00000000f5380000, 0x0000000100000000)
  eden space 497664K, 100% used [0x00000000d5580000,0x00000000f3b80000,0x00000000f3b80000)
  from space 11776K, 60% used [0x00000000f3c80000,0x00000000f4380010,0x00000000f4800000)
  to   space 7168K, 0% used [0x00000000f4c80000,0x00000000f4c80000,0x00000000f5380000)
 ParOldGen       total 80384K, used 38143K [0x0000000080000000, 0x0000000084e80000, 0x00000000d5580000)
  object space 80384K, 47% used [0x0000000080000000,0x000000008253fc38,0x0000000084e80000)
 Metaspace       used 37590K, capacity 39068K, committed 39296K, reserved 1083392K
  class space    used 5151K, capacity 5479K, committed 5504K, reserved 1048576K
Event: 59.692 GC heap after
Heap after GC invocations=33 (full 3):
 PSYoungGen      total 504832K, used 5120K [0x00000000d5580000, 0x00000000f5380000, 0x0000000100000000)
  eden space 497664K, 0% used [0x00000000d5580000,0x00000000d5580000,0x00000000f3b80000)
  from space 7168K, 71% used [0x00000000f4c80000,0x00000000f5180000,0x00000000f5380000)
  to   space 11776K, 0% used [0x00000000f3c80000,0x00000000f3c80000,0x00000000f4800000)
 ParOldGen       total 80384K, used 45263K [0x0000000080000000, 0x0000000084e80000, 0x00000000d5580000)
  object space 80384K, 56% used [0x0000000080000000,0x0000000082c33c48,0x0000000084e80000)
 Metaspace       used 37590K, capacity 39068K, committed 39296K, reserved 1083392K
  class space    used 5151K, capacity 5479K, committed 5504K, reserved 1048576K
}
Event: 99.264 GC heap before
{Heap before GC invocations=34 (full 3):
 PSYoungGen      total 504832K, used 502784K [0x00000000d5580000, 0x00000000f5380000, 0x0000000100000000)
  eden space 497664K, 100% used [0x00000000d5580000,0x00000000f3b80000,0x00000000f3b80000)
  from space 7168K, 71% used [0x00000000f4c80000,0x00000000f5180000,0x00000000f5380000)
  to   space 11776K, 0% used [0x00000000f3c80000,0x00000000f3c80000,0x00000000f4800000)
 ParOldGen       total 80384K, used 45263K [0x0000000080000000, 0x0000000084e80000, 0x00000000d5580000)
  object space 80384K, 56% used [0x0000000080000000,0x0000000082c33c48,0x0000000084e80000)
 Metaspace       used 37606K, capacity 39072K, committed 39296K, reserved 1083392K
  class space    used 5151K, capacity 5479K, committed 5504K, reserved 1048576K
Event: 99.498 GC heap after
Heap after GC invocations=34 (full 3):
 PSYoungGen      total 509440K, used 6738K [0x00000000d5580000, 0x00000000f5380000, 0x0000000100000000)
  eden space 497664K, 0% used [0x00000000d5580000,0x00000000d5580000,0x00000000f3b80000)
  from space 11776K, 57% used [0x00000000f3c80000,0x00000000f4314980,0x00000000f4800000)
  to   space 7168K, 0% used [0x00000000f4c80000,0x00000000f4c80000,0x00000000f5380000)
 ParOldGen       total 80384K, used 46511K [0x0000000080000000, 0x0000000084e80000, 0x00000000d5580000)
  object space 80384K, 57% used [0x0000000080000000,0x0000000082d6bc48,0x0000000084e80000)
 Metaspace       used 37606K, capacity 39072K, committed 39296K, reserved 1083392K
  class space    used 5151K, capacity 5479K, committed 5504K, reserved 1048576K
}
Event: 107.663 GC heap before
{Heap before GC invocations=35 (full 3):
 PSYoungGen      total 509440K, used 504402K [0x00000000d5580000, 0x00000000f5380000, 0x0000000100000000)
  eden space 497664K, 100% used [0x00000000d5580000,0x00000000f3b80000,0x00000000f3b80000)
  from space 11776K, 57% used [0x00000000f3c80000,0x00000000f4314980,0x00000000f4800000)
  to   space 7168K, 0% used [0x00000000f4c80000,0x00000000f4c80000,0x00000000f5380000)
 ParOldGen       total 80384K, used 46511K [0x0000000080000000, 0x0000000084e80000, 0x00000000d5580000)
  object space 80384K, 57% used [0x0000000080000000,0x0000000082d6bc48,0x0000000084e80000)
 Metaspace       used 37619K, capacity 39072K, committed 39296K, reserved 1083392K
  class space    used 5152K, capacity 5479K, committed 5504K, reserved 1048576K
Event: 108.007 GC heap after
Heap after GC invocations=35 (full 3):
 PSYoungGen      total 504832K, used 7161K [0x00000000d5580000, 0x00000000f5380000, 0x0000000100000000)
  eden space 497664K, 0% used [0x00000000d5580000,0x00000000d5580000,0x00000000f3b80000)
  from space 7168K, 99% used [0x00000000f4c80000,0x00000000f537e520,0x00000000f5380000)
  to   space 11776K, 0% used [0x00000000f3c80000,0x00000000f3c80000,0x00000000f4800000)
 ParOldGen       total 80384K, used 52695K [0x0000000080000000, 0x0000000084e80000, 0x00000000d5580000)
  object space 80384K, 65% used [0x0000000080000000,0x0000000083375c58,0x0000000084e80000)
 Metaspace       used 37619K, capacity 39072K, committed 39296K, reserved 1083392K
  class space    used 5152K, capacity 5479K, committed 5504K, reserved 1048576K
}
Event: 112.246 GC heap before
{Heap before GC invocations=36 (full 3):
 PSYoungGen      total 504832K, used 504825K [0x00000000d5580000, 0x00000000f5380000, 0x0000000100000000)
  eden space 497664K, 100% used [0x00000000d5580000,0x00000000f3b80000,0x00000000f3b80000)
  from space 7168K, 99% used [0x00000000f4c80000,0x00000000f537e520,0x00000000f5380000)
  to   space 11776K, 0% used [0x00000000f3c80000,0x00000000f3c80000,0x00000000f4800000)
 ParOldGen       total 80384K, used 52695K [0x0000000080000000, 0x0000000084e80000, 0x00000000d5580000)
  object space 80384K, 65% used [0x0000000080000000,0x0000000083375c58,0x0000000084e80000)
 Metaspace       used 37619K, capacity 39072K, committed 39296K, reserved 1083392K
  class space    used 5152K, capacity 5479K, committed 5504K, reserved 1048576K
Event: 112.331 GC heap after
Heap after GC invocations=36 (full 3):
 PSYoungGen      total 509440K, used 11771K [0x00000000d5580000, 0x00000000f5380000, 0x0000000100000000)
  eden space 497664K, 0% used [0x00000000d5580000,0x00000000d5580000,0x00000000f3b80000)
  from space 11776K, 99% used [0x00000000f3c80000,0x00000000f47fecc0,0x00000000f4800000)
  to   space 7168K, 0% used [0x00000000f4c80000,0x00000000f4c80000,0x00000000f5380000)
 ParOldGen       total 80384K, used 60951K [0x0000000080000000, 0x0000000084e80000, 0x00000000d5580000)
  object space 80384K, 75% used [0x0000000080000000,0x0000000083b85c58,0x0000000084e80000)
 Metaspace       used 37619K, capacity 39072K, committed 39296K, reserved 1083392K
  class space    used 5152K, capacity 5479K, committed 5504K, reserved 1048576K
}

